<?xml version="1.0" encoding="UTF-8"?>
<!-- Generated by org.testng.reporters.JUnitXMLReporter -->
<testsuite hostname="LAPTOP-9BP8L8KK" ignored="0" name="Test" tests="4" failures="0" timestamp="2020-07-22T00:45:22 IST" time="0.047" errors="0">
  <testcase name="Deletetwitter" time="0.006" classname="qaclickacademy.Mavenjava.RestAPITest"/>
  <testcase name="Postjira" time="0.0" classname="qaclickacademy.Mavenjava.RestAPITest"/>
  <testcase name="IOSapps" time="0.001" classname="qaclickacademy.Mavenjava.AppiumTest"/>
  <testcase name="nativeappandroid" time="0.0" classname="qaclickacademy.Mavenjava.AppiumTest"/>
</testsuite> <!-- Test -->
