<?xml version="1.0" encoding="UTF-8"?>
<testng-results skipped="0" failed="0" ignored="0" total="2" passed="2">
  <reporter-output>
  </reporter-output>
  <suite name="Surefire suite" duration-ms="39" started-at="2020-07-22T00:47:39 IST" finished-at="2020-07-22T00:47:39 IST">
    <groups>
    </groups>
    <test name="Surefire test" duration-ms="39" started-at="2020-07-22T00:47:39 IST" finished-at="2020-07-22T00:47:39 IST">
      <class name="qaclickacademy.Mavenjava.SeleniumTest">
        <test-method status="PASS" signature="Browserautomation()[pri:0, instance:qaclickacademy.Mavenjava.SeleniumTest@544fe44c]" name="Browserautomation" duration-ms="5" started-at="2020-07-22T00:47:39 IST" finished-at="2020-07-22T00:47:39 IST">
          <reporter-output>
          </reporter-output>
        </test-method> <!-- Browserautomation -->
        <test-method status="PASS" signature="ElementsUi()[pri:0, instance:qaclickacademy.Mavenjava.SeleniumTest@544fe44c]" name="ElementsUi" duration-ms="1" started-at="2020-07-22T00:47:39 IST" finished-at="2020-07-22T00:47:39 IST">
          <reporter-output>
          </reporter-output>
        </test-method> <!-- ElementsUi -->
      </class> <!-- qaclickacademy.Mavenjava.SeleniumTest -->
    </test> <!-- Surefire test -->
  </suite> <!-- Surefire suite -->
</testng-results>
